<?xml version="1.0" encoding="UTF-8"?><testsuite errors="1" failures="0" name="Addition" skipped="0" tests="1" time="2.84" timestamp="2016-09-247 03:09:54"><testcase name="As a user I want to teo positive numbers"><error message="Could not instantiate class org.openqa.selenium.firefox.FirefoxDriver" type="net.thucydides.core.webdriver.UnsupportedDriverException">Could not instantiate class org.openqa.selenium.firefox.FirefoxDriver</error><system-err>Could not instantiate class org.openqa.selenium.firefox.FirefoxDriver&#13;
org.oa.calc.pages.AdditionPage.startCalc(AdditionPage.java:36)&#13;
org.oa.calc.serenity.AdditionSerenity.StartCalc(AdditionSerenity.java:18)&#13;
org.oa.calc.definitions.AdditionDefSteps.StartCalc(AdditionDefSteps.java:25)&#13;
</system-err></testcase></testsuite>